  zad11(2).cpp
D:\Study\ОАиП\laba5\laba5\zad11(2).cpp(35,10): warning C4477: "printf": в строке форматирования "%d" требуется аргумент типа "int", но вариативный аргумент "5" имеет тип "int *const "
D:\Study\ОАиП\laba5\laba5\zad11(2).cpp(35,10): warning C4313: printf: конфликт "%d" в строке формата с аргументом 5 типа "int *const "
D:\Study\ОАиП\laba5\laba5\zad11(2).cpp(35,10): warning C4477: "printf": в строке форматирования "%d" требуется аргумент типа "int", но вариативный аргумент "6" имеет тип "int *const "
D:\Study\ОАиП\laba5\laba5\zad11(2).cpp(35,10): warning C4313: printf: конфликт "%d" в строке формата с аргументом 6 типа "int *const "
D:\Study\ОАиП\laba5\laba5\zad11(2).cpp(35,10): warning C4477: "printf": в строке форматирования "%d" требуется аргумент типа "int", но вариативный аргумент "7" имеет тип "int *const "
D:\Study\ОАиП\laba5\laba5\zad11(2).cpp(35,10): warning C4313: printf: конфликт "%d" в строке формата с аргументом 7 типа "int *const "
D:\Study\ОАиП\laba5\laba5\zad11(2).cpp(64,13): warning C4477: "fprintf": в строке форматирования "%d" требуется аргумент типа "int", но вариативный аргумент "1" имеет тип "int *const "
D:\Study\ОАиП\laba5\laba5\zad11(2).cpp(64,13): warning C4313: fprintf: конфликт "%d" в строке формата с аргументом 1 типа "int *const "
D:\Study\ОАиП\laba5\laba5\zad11(2).cpp(64,13): warning C4477: "fprintf": в строке форматирования "%d" требуется аргумент типа "int", но вариативный аргумент "2" имеет тип "int *const "
D:\Study\ОАиП\laba5\laba5\zad11(2).cpp(64,13): warning C4313: fprintf: конфликт "%d" в строке формата с аргументом 2 типа "int *const "
D:\Study\ОАиП\laba5\laba5\zad11(2).cpp(64,13): warning C4477: "fprintf": в строке форматирования "%d" требуется аргумент типа "int", но вариативный аргумент "3" имеет тип "int *const "
D:\Study\ОАиП\laba5\laba5\zad11(2).cpp(64,13): warning C4313: fprintf: конфликт "%d" в строке формата с аргументом 3 типа "int *const "
D:\Study\ОАиП\laba5\laba5\zad11(2).cpp(103,9): warning C4477: "printf": в строке форматирования "%d" требуется аргумент типа "int", но вариативный аргумент "1" имеет тип "int *const "
D:\Study\ОАиП\laba5\laba5\zad11(2).cpp(103,9): warning C4313: printf: конфликт "%d" в строке формата с аргументом 1 типа "int *const "
D:\Study\ОАиП\laba5\laba5\zad11(2).cpp(103,9): warning C4477: "printf": в строке форматирования "%d" требуется аргумент типа "int", но вариативный аргумент "2" имеет тип "int *const "
D:\Study\ОАиП\laba5\laba5\zad11(2).cpp(103,9): warning C4313: printf: конфликт "%d" в строке формата с аргументом 2 типа "int *const "
D:\Study\ОАиП\laba5\laba5\zad11(2).cpp(103,9): warning C4477: "printf": в строке форматирования "%d" требуется аргумент типа "int", но вариативный аргумент "3" имеет тип "int *const "
D:\Study\ОАиП\laba5\laba5\zad11(2).cpp(103,9): warning C4313: printf: конфликт "%d" в строке формата с аргументом 3 типа "int *const "
D:\Study\ОАиП\laba5\laba5\zad11(2).cpp(120,11): warning C4477: "printf": в строке форматирования "%d" требуется аргумент типа "int", но вариативный аргумент "4" имеет тип "int *const "
D:\Study\ОАиП\laba5\laba5\zad11(2).cpp(120,11): warning C4313: printf: конфликт "%d" в строке формата с аргументом 4 типа "int *const "
D:\Study\ОАиП\laba5\laba5\zad11(2).cpp(120,11): warning C4477: "printf": в строке форматирования "%d" требуется аргумент типа "int", но вариативный аргумент "5" имеет тип "int *const "
D:\Study\ОАиП\laba5\laba5\zad11(2).cpp(120,11): warning C4313: printf: конфликт "%d" в строке формата с аргументом 5 типа "int *const "
D:\Study\ОАиП\laba5\laba5\zad11(2).cpp(120,11): warning C4477: "printf": в строке форматирования "%d" требуется аргумент типа "int", но вариативный аргумент "6" имеет тип "int *const "
D:\Study\ОАиП\laba5\laba5\zad11(2).cpp(120,11): warning C4313: printf: конфликт "%d" в строке формата с аргументом 6 типа "int *const "
D:\Study\ОАиП\laba5\laba5\zad11(2).cpp(126,13): warning C4326: возвращаемый тип "main" должен быть "int", а не "void"
D:\Study\ОАиП\laba5\laba5\zad11(2).cpp(204,12): warning C4477: "printf": в строке форматирования "%d" требуется аргумент типа "int", но вариативный аргумент "1" имеет тип "int *"
D:\Study\ОАиП\laba5\laba5\zad11(2).cpp(204,12): warning C4313: printf: конфликт "%d" в строке формата с аргументом 1 типа "int *"
D:\Study\ОАиП\laba5\laba5\zad11(2).cpp(204,12): warning C4477: "printf": в строке форматирования "%d" требуется аргумент типа "int", но вариативный аргумент "2" имеет тип "int *"
D:\Study\ОАиП\laba5\laba5\zad11(2).cpp(204,12): warning C4313: printf: конфликт "%d" в строке формата с аргументом 2 типа "int *"
D:\Study\ОАиП\laba5\laba5\zad11(2).cpp(204,12): warning C4477: "printf": в строке форматирования "%d" требуется аргумент типа "int", но вариативный аргумент "3" имеет тип "int *"
D:\Study\ОАиП\laba5\laba5\zad11(2).cpp(204,12): warning C4313: printf: конфликт "%d" в строке формата с аргументом 3 типа "int *"
D:\Study\ОАиП\laba5\laba5\zad11(2).cpp(242,12): warning C4477: "printf": в строке форматирования "%d" требуется аргумент типа "int", но вариативный аргумент "1" имеет тип "int *"
D:\Study\ОАиП\laba5\laba5\zad11(2).cpp(242,12): warning C4313: printf: конфликт "%d" в строке формата с аргументом 1 типа "int *"
D:\Study\ОАиП\laba5\laba5\zad11(2).cpp(242,12): warning C4477: "printf": в строке форматирования "%d" требуется аргумент типа "int", но вариативный аргумент "2" имеет тип "int *"
D:\Study\ОАиП\laba5\laba5\zad11(2).cpp(242,12): warning C4313: printf: конфликт "%d" в строке формата с аргументом 2 типа "int *"
D:\Study\ОАиП\laba5\laba5\zad11(2).cpp(242,12): warning C4477: "printf": в строке форматирования "%d" требуется аргумент типа "int", но вариативный аргумент "3" имеет тип "int *"
D:\Study\ОАиП\laba5\laba5\zad11(2).cpp(242,12): warning C4313: printf: конфликт "%d" в строке формата с аргументом 3 типа "int *"
  Создание кода
  3 of 48 functions ( 6.2%) were compiled, the rest were copied from previous compilation.
    0 functions were new in current compilation
    0 functions had inline decision re-evaluated but remain unchanged
  Создание кода завершено
  laba5.vcxproj -> D:\Study\ОАиП\laba5\x64\Release\laba5.exe
