d:\study\оаип\laba7\x64\debug\vc143.pdb
d:\study\оаип\laba7\x64\debug\vc143.idb
d:\study\оаип\laba7\x64\debug\proectstack.obj
d:\study\оаип\laba7\x64\debug\laba7.obj
d:\study\оаип\laba7\x64\debug\mystack.obj
d:\study\оаип\laba7\x64\debug\laba7.pdb
d:\study\оаип\laba7\x64\debug\laba7.tlog\cl.command.1.tlog
d:\study\оаип\laba7\x64\debug\laba7.tlog\cl.read.1.tlog
d:\study\оаип\laba7\x64\debug\laba7.tlog\cl.write.1.tlog
d:\study\оаип\laba7\x64\debug\laba7.tlog\link-cvtres.read.1.tlog
d:\study\оаип\laba7\x64\debug\laba7.tlog\link-cvtres.write.1.tlog
d:\study\оаип\laba7\x64\debug\laba7.tlog\link-rc.read.1.tlog
d:\study\оаип\laba7\x64\debug\laba7.tlog\link-rc.write.1.tlog
d:\study\оаип\laba7\x64\debug\laba7.tlog\link.13304-cvtres.read.1.tlog
d:\study\оаип\laba7\x64\debug\laba7.tlog\link.13304-cvtres.write.1.tlog
d:\study\оаип\laba7\x64\debug\laba7.tlog\link.13304-rc.read.1.tlog
d:\study\оаип\laba7\x64\debug\laba7.tlog\link.13304-rc.write.1.tlog
d:\study\оаип\laba7\x64\debug\laba7.tlog\link.13304.read.1.tlog
d:\study\оаип\laba7\x64\debug\laba7.tlog\link.13304.read.2.tlog
d:\study\оаип\laba7\x64\debug\laba7.tlog\link.13304.write.1.tlog
d:\study\оаип\laba7\x64\debug\laba7.tlog\link.command.1.tlog
d:\study\оаип\laba7\x64\debug\laba7.tlog\link.read.1.tlog
d:\study\оаип\laba7\x64\debug\laba7.tlog\link.read.2.tlog
d:\study\оаип\laba7\x64\debug\laba7.tlog\link.write.1.tlog
