  zad11.cpp
D:\Study\ОАиП\laba4\laba4\zad11.cpp(31,10): warning C4477: "printf": в строке форматирования "%d" требуется аргумент типа "int", но вариативный аргумент "5" имеет тип "int *const "
D:\Study\ОАиП\laba4\laba4\zad11.cpp(31,10): warning C4313: printf: конфликт "%d" в строке формата с аргументом 5 типа "int *const "
D:\Study\ОАиП\laba4\laba4\zad11.cpp(31,10): warning C4477: "printf": в строке форматирования "%d" требуется аргумент типа "int", но вариативный аргумент "6" имеет тип "int *const "
D:\Study\ОАиП\laba4\laba4\zad11.cpp(31,10): warning C4313: printf: конфликт "%d" в строке формата с аргументом 6 типа "int *const "
D:\Study\ОАиП\laba4\laba4\zad11.cpp(31,10): warning C4477: "printf": в строке форматирования "%d" требуется аргумент типа "int", но вариативный аргумент "7" имеет тип "int *const "
D:\Study\ОАиП\laba4\laba4\zad11.cpp(31,10): warning C4313: printf: конфликт "%d" в строке формата с аргументом 7 типа "int *const "
D:\Study\ОАиП\laba4\laba4\zad11.cpp(60,13): warning C4477: "fprintf": в строке форматирования "%d" требуется аргумент типа "int", но вариативный аргумент "1" имеет тип "int *const "
D:\Study\ОАиП\laba4\laba4\zad11.cpp(60,13): warning C4313: fprintf: конфликт "%d" в строке формата с аргументом 1 типа "int *const "
D:\Study\ОАиП\laba4\laba4\zad11.cpp(60,13): warning C4477: "fprintf": в строке форматирования "%d" требуется аргумент типа "int", но вариативный аргумент "2" имеет тип "int *const "
D:\Study\ОАиП\laba4\laba4\zad11.cpp(60,13): warning C4313: fprintf: конфликт "%d" в строке формата с аргументом 2 типа "int *const "
D:\Study\ОАиП\laba4\laba4\zad11.cpp(60,13): warning C4477: "fprintf": в строке форматирования "%d" требуется аргумент типа "int", но вариативный аргумент "3" имеет тип "int *const "
D:\Study\ОАиП\laba4\laba4\zad11.cpp(60,13): warning C4313: fprintf: конфликт "%d" в строке формата с аргументом 3 типа "int *const "
D:\Study\ОАиП\laba4\laba4\zad11.cpp(99,9): warning C4477: "printf": в строке форматирования "%d" требуется аргумент типа "int", но вариативный аргумент "1" имеет тип "int *const "
D:\Study\ОАиП\laba4\laba4\zad11.cpp(99,9): warning C4313: printf: конфликт "%d" в строке формата с аргументом 1 типа "int *const "
D:\Study\ОАиП\laba4\laba4\zad11.cpp(99,9): warning C4477: "printf": в строке форматирования "%d" требуется аргумент типа "int", но вариативный аргумент "2" имеет тип "int *const "
D:\Study\ОАиП\laba4\laba4\zad11.cpp(99,9): warning C4313: printf: конфликт "%d" в строке формата с аргументом 2 типа "int *const "
D:\Study\ОАиП\laba4\laba4\zad11.cpp(99,9): warning C4477: "printf": в строке форматирования "%d" требуется аргумент типа "int", но вариативный аргумент "3" имеет тип "int *const "
D:\Study\ОАиП\laba4\laba4\zad11.cpp(99,9): warning C4313: printf: конфликт "%d" в строке формата с аргументом 3 типа "int *const "
D:\Study\ОАиП\laba4\laba4\zad11.cpp(116,11): warning C4477: "printf": в строке форматирования "%d" требуется аргумент типа "int", но вариативный аргумент "4" имеет тип "int *const "
D:\Study\ОАиП\laba4\laba4\zad11.cpp(116,11): warning C4313: printf: конфликт "%d" в строке формата с аргументом 4 типа "int *const "
D:\Study\ОАиП\laba4\laba4\zad11.cpp(116,11): warning C4477: "printf": в строке форматирования "%d" требуется аргумент типа "int", но вариативный аргумент "5" имеет тип "int *const "
D:\Study\ОАиП\laba4\laba4\zad11.cpp(116,11): warning C4313: printf: конфликт "%d" в строке формата с аргументом 5 типа "int *const "
D:\Study\ОАиП\laba4\laba4\zad11.cpp(116,11): warning C4477: "printf": в строке форматирования "%d" требуется аргумент типа "int", но вариативный аргумент "6" имеет тип "int *const "
D:\Study\ОАиП\laba4\laba4\zad11.cpp(116,11): warning C4313: printf: конфликт "%d" в строке формата с аргументом 6 типа "int *const "
D:\Study\ОАиП\laba4\laba4\zad11.cpp(122,13): warning C4326: возвращаемый тип "main" должен быть "int", а не "void"
D:\Study\ОАиП\laba4\laba4\zad11.cpp(135,11): warning C4477: "scanf_s": в строке форматирования "%d" требуется аргумент типа "int *", но вариативный аргумент "1" имеет тип "int **"
D:\Study\ОАиП\laba4\laba4\zad11.cpp(137,11): warning C4477: "scanf_s": в строке форматирования "%d" требуется аргумент типа "int *", но вариативный аргумент "1" имеет тип "int **"
D:\Study\ОАиП\laba4\laba4\zad11.cpp(139,11): warning C4477: "scanf_s": в строке форматирования "%d" требуется аргумент типа "int *", но вариативный аргумент "1" имеет тип "int **"
D:\Study\ОАиП\laba4\laba4\zad11.cpp(156,10): warning C4477: "scanf_s": в строке форматирования "%d" требуется аргумент типа "int *", но вариативный аргумент "1" имеет тип "int **"
D:\Study\ОАиП\laba4\laba4\zad11.cpp(158,10): warning C4477: "scanf_s": в строке форматирования "%d" требуется аргумент типа "int *", но вариативный аргумент "1" имеет тип "int **"
D:\Study\ОАиП\laba4\laba4\zad11.cpp(204,12): warning C4477: "printf": в строке форматирования "%d" требуется аргумент типа "int", но вариативный аргумент "1" имеет тип "int *"
D:\Study\ОАиП\laba4\laba4\zad11.cpp(204,12): warning C4313: printf: конфликт "%d" в строке формата с аргументом 1 типа "int *"
D:\Study\ОАиП\laba4\laba4\zad11.cpp(204,12): warning C4477: "printf": в строке форматирования "%d" требуется аргумент типа "int", но вариативный аргумент "2" имеет тип "int *"
D:\Study\ОАиП\laba4\laba4\zad11.cpp(204,12): warning C4313: printf: конфликт "%d" в строке формата с аргументом 2 типа "int *"
D:\Study\ОАиП\laba4\laba4\zad11.cpp(204,12): warning C4477: "printf": в строке форматирования "%d" требуется аргумент типа "int", но вариативный аргумент "3" имеет тип "int *"
D:\Study\ОАиП\laba4\laba4\zad11.cpp(204,12): warning C4313: printf: конфликт "%d" в строке формата с аргументом 3 типа "int *"
D:\Study\ОАиП\laba4\laba4\zad11.cpp(242,12): warning C4477: "printf": в строке форматирования "%d" требуется аргумент типа "int", но вариативный аргумент "1" имеет тип "int *"
D:\Study\ОАиП\laba4\laba4\zad11.cpp(242,12): warning C4313: printf: конфликт "%d" в строке формата с аргументом 1 типа "int *"
D:\Study\ОАиП\laba4\laba4\zad11.cpp(242,12): warning C4477: "printf": в строке форматирования "%d" требуется аргумент типа "int", но вариативный аргумент "2" имеет тип "int *"
D:\Study\ОАиП\laba4\laba4\zad11.cpp(242,12): warning C4313: printf: конфликт "%d" в строке формата с аргументом 2 типа "int *"
D:\Study\ОАиП\laba4\laba4\zad11.cpp(242,12): warning C4477: "printf": в строке форматирования "%d" требуется аргумент типа "int", но вариативный аргумент "3" имеет тип "int *"
D:\Study\ОАиП\laba4\laba4\zad11.cpp(242,12): warning C4313: printf: конфликт "%d" в строке формата с аргументом 3 типа "int *"
  zad15.cpp
  zad9.cpp
  Создание кода...
  laba4.vcxproj -> D:\Study\ОАиП\laba4\x64\Debug\laba4.exe
